[00:01:11] [Server thread/INFO]: Villager class_1646['Fisherman'/71779, l='ServerLevel[world]', x=1229.52, y=-21.00, z=-292.70] died, message: 'Fisherman hit the ground too hard'
[00:04:24] [Server thread/WARN]: Ignoring unknown attribute 'minecraft:'
[00:04:38] [Server thread/WARN]: Ignoring unknown attribute 'minecraft:'
[00:05:43] [Server thread/WARN]: Ignoring unknown attribute 'minecraft:'
[00:05:44] [Server thread/WARN]: Ignoring unknown attribute 'minecraft:'
[00:05:46] [Server thread/WARN]: Ignoring unknown attribute 'minecraft:'
[00:06:06] [Server thread/WARN]: Ignoring unknown attribute 'minecraft:'
[00:06:22] [Server thread/WARN]: Ignoring unknown attribute 'minecraft:'
[00:06:35] [Server thread/WARN]: Ignoring unknown attribute 'minecraft:'
[00:07:45] [Server thread/WARN]: Horse (vehicle of BillyVR15) moved too quickly! -10.073135595310802,0.0,-0.030514180100340127
[00:08:10] [Server thread/WARN]: Horse (vehicle of BillyVR15) moved too quickly! 3.064179576271396,0.0,-9.796637416118244
[00:08:10] [Server thread/WARN]: Horse (vehicle of BillyVR15) moved too quickly! 3.428820547105583,0.0,-10.36147595582861
[00:08:10] [Server thread/WARN]: Horse (vehicle of BillyVR15) moved too quickly! 3.7938580200878773,0.0,-10.931936322673153
[00:08:10] [Server thread/WARN]: Horse (vehicle of BillyVR15) moved too quickly! 4.159107653464224,0.0,-11.50540481713
[00:08:10] [Server thread/WARN]: Horse (vehicle of BillyVR15) moved too quickly! 4.524470809637405,0.0,-12.080482900696609
[00:08:10] [Server thread/WARN]: Horse (vehicle of BillyVR15) moved too quickly! 4.889894709595772,0.0,-12.656422243304121
[00:08:10] [Server thread/WARN]: Horse (vehicle of BillyVR15) moved too quickly! 5.255351112342493,-0.07683200149536162,-13.232822428452778
[00:09:15] [Server thread/INFO]: [Not Secure] <BillyVR15> ya lo traje
[00:09:26] [Server thread/INFO]: [Not Secure] <BillyVR15> ahora necesito un caballo con buen salto
[00:09:29] [Server thread/INFO]: [Not Secure] <BillyVR15> y juntarlos
[00:09:47] [Server thread/INFO]: Named entity class_1641['Vagabond'/80363, l='ServerLevel[world]', x=-50.75, y=64.00, z=-601.24] died: Vagabond burned to death
[00:09:53] [Server thread/INFO]: [Not Secure] <Svonccy> el mio tiene 4.algo de salto
[00:09:54] [Server thread/INFO]: [Not Secure] <Svonccy> :3
[00:10:05] [Server thread/INFO]: [Not Secure] <BillyVR15> xd
[00:10:18] [Server thread/INFO]: [Not Secure] <BillyVR15> tenía uno de 7 que se murió al inicip
[00:10:30] [Server thread/INFO]: [Not Secure] <Svonccy> 7 ._.
[00:10:37] [Server thread/INFO]: [Not Secure] <Svonccy> si el maximo es 5.5 xd
[00:10:53] [Server thread/INFO]: [Not Secure] <BillyVR15> más encontraré uno
[00:11:16] [Server thread/WARN]: BillyVR15 moved too quickly! -7.616720872281384,-0.23152379758701613,6.816891214998009
[00:12:24] [Server thread/INFO]: [Not Secure] <BillyVR15> voy a comer
[00:12:27] [Server thread/INFO]: [Not Secure] <Svonccy> oka
[00:12:30] [Server thread/INFO]: [Not Secure] <BillyVR15> ya es tarde
[00:12:31] [Server thread/INFO]: BillyVR15 lost connection: Disconnected
[00:12:31] [Server thread/INFO]: BillyVR15 left the game
[00:12:31] [Server thread/INFO]: [voicechat] Disconnecting client BillyVR15
[00:16:35] [Server thread/WARN]: Ignoring unknown attribute 'minecraft:'
[00:16:35] [Server thread/WARN]: Ignoring unknown attribute 'minecraft:'
[00:19:33] [Server thread/WARN]: Ignored advancement 'tpa:first_join' in progress file ./world/advancements/be3fbc71-1543-3e4f-a6e9-f4e9922a90c8.json - it doesn't exist anymore?
[00:19:33] [Server thread/INFO]: Oicapse[/127.13.175.93:46711] logged in with entity id 84994 at (-341.464495431138, 26.0, 1063.798883173059)
[00:19:33] [Server thread/INFO]: [Essential Commands] Loading PlayerData for player with uuid 'be3fbc71-1543-3e4f-a6e9-f4e9922a90c8'.
[00:19:33] [Server thread/INFO]: Loading config from file...
[00:19:33] [Server thread/INFO]: Oicapse joined the game
[00:19:33] [Server thread/INFO]: [Essential Commands] Loading PlayerProfile for player with uuid 'be3fbc71-1543-3e4f-a6e9-f4e9922a90c8'.
[00:19:34] [Server thread/INFO]: [voicechat] Received secret request of Oicapse (18)
[00:19:34] [Server thread/INFO]: [voicechat] Sent secret to Oicapse
[00:19:35] [VoiceChatPacketProcessingThread/INFO]: [voicechat] Successfully authenticated player be3fbc71-1543-3e4f-a6e9-f4e9922a90c8
[00:19:36] [VoiceChatPacketProcessingThread/INFO]: [voicechat] Successfully validated connection of player be3fbc71-1543-3e4f-a6e9-f4e9922a90c8
[00:19:36] [VoiceChatPacketProcessingThread/INFO]: [voicechat] Player Oicapse (be3fbc71-1543-3e4f-a6e9-f4e9922a90c8) successfully connected to voice chat
[00:19:55] [Server thread/INFO]: [Oicapse: Triggered [login] (set value to 29092004)]
[00:19:57] [Server thread/INFO]: [Not Secure] <Oicapse> oa
[00:20:05] [Server thread/INFO]: [Not Secure] <Svonccy> hai
[00:20:17] [Server thread/INFO]: [Not Secure] <Oicapse> internet de mrd, en la mañana no quiere y en la noche si????}
[00:20:19] [Server thread/INFO]: [Not Secure] <Svonccy> onde es tu casa
[00:20:32] [Server thread/INFO]: [Not Secure] <Svonccy> jasjasj
[00:20:34] [Server thread/INFO]: [Not Secure] <Oicapse> hasta contrate nuevo internet por esta wea :c
[00:20:43] [Server thread/INFO]: [Not Secure] <Svonccy> ya tienes mas mbps?
[00:21:02] [Server thread/INFO]: Made Svonccy no longer a server operator
[00:21:04] [Server thread/INFO]: [Not Secure] <Oicapse> contrate 20... mañana lo instalan
[00:21:09] [Server thread/INFO]: [Not Secure] <Svonccy> ._.
[00:21:16] [Server thread/INFO]: [Not Secure] <Svonccy> pareces mi papá
[00:21:21] [Server thread/INFO]: [Not Secure] <Svonccy> pasa de 10 a 20
[00:21:28] [Server thread/INFO]: [Not Secure] <Svonccy> no llega wow a tu crro?
[00:21:50] [Server thread/INFO]: [Not Secure] <Oicapse> es q directamente no tengo internet en mi casa ahora
[00:21:52] [Server thread/INFO]: [Not Secure] <Oicapse> por eso
[00:21:56] [Server thread/WARN]: Ignoring unknown attribute 'minecraft:'
[00:21:56] [Server thread/WARN]: Ignoring unknown attribute 'minecraft:'
[00:21:57] [Server thread/INFO]: [Not Secure] <Oicapse> estoy con mis datos del cel
[00:22:03] [Server thread/INFO]: [Not Secure] <Svonccy> aaa xd
[00:22:08] [Server thread/INFO]: [Not Secure] <Oicapse> la empresa que daba internet quebro dice jaskjaskas
[00:22:12] [Server thread/WARN]: Ignoring unknown attribute 'minecraft:'
[00:22:12] [Server thread/INFO]: [Not Secure] <Svonccy> weno,
[00:22:14] [Server thread/INFO]: [Not Secure] <Svonccy> jasjajs
[00:22:19] [Server thread/INFO]: [Not Secure] <Svonccy> es mejor a nada
[00:22:21] [Server thread/INFO]: [Not Secure] <Svonccy> creo
[00:23:03] [Server thread/INFO]: [Not Secure] <Oicapse> y con mi cel tengo 240 kb
[00:23:05] [Server thread/INFO]: [Not Secure] <Oicapse> xd
[00:23:21] [Server thread/INFO]: [Not Secure] <Svonccy> JJAS entel tenía q ser
[00:23:26] [Server thread/INFO]: [Not Secure] <Svonccy> acecta oi
[00:23:44] [Server thread/WARN]: Ignoring unknown attribute 'minecraft:'
[00:24:17] [Server thread/WARN]: Ignoring unknown attribute 'minecraft:'
[00:25:13] [Server thread/WARN]: Ignoring unknown attribute 'minecraft:'
[00:25:15] [Server thread/WARN]: Ignoring unknown attribute 'minecraft:'
[00:25:16] [Server thread/WARN]: Ignoring unknown attribute 'minecraft:'
[00:25:38] [Server thread/INFO]: [Not Secure] <Oicapse> ya terminaste tu hause???
[00:25:47] [Server thread/WARN]: Ignoring unknown attribute 'minecraft:'
[00:25:47] [Server thread/WARN]: Ignoring unknown attribute 'minecraft:'
[00:25:48] [Server thread/INFO]: [Not Secure] <Svonccy> me falta deepslate
[00:25:52] [Server thread/INFO]: [Not Secure] <Svonccy> pizarra profunda
[00:25:57] [Server thread/INFO]: [Not Secure] <Oicapse> justo
[00:25:57] [Server thread/INFO]: [Not Secure] <Svonccy> pereza ir a minar
[00:25:58] [Server thread/WARN]: Ignoring unknown attribute 'minecraft:'
[00:26:03] [Server thread/INFO]: [Not Secure] <Oicapse> ish
[00:26:06] [Server thread/INFO]: [Not Secure] <Svonccy> pasa
[00:26:21] [Server thread/INFO]: [Not Secure] <Oicapse> tengo grava nomas
[00:26:28] [Server thread/INFO]: [Not Secure] <Svonccy> xd
[00:27:01] [Server thread/INFO]: [Not Secure] <Svonccy> acecta
[00:27:10] [Server thread/WARN]: Ignoring unknown attribute 'minecraft:'
[00:27:12] [Server thread/WARN]: Ignoring unknown attribute 'minecraft:'
[00:28:32] [Server thread/WARN]: Ignored advancement 'tpa:first_join' in progress file ./world/advancements/9909c47d-4a06-3b3c-8ba2-dac6241fc74d.json - it doesn't exist anymore?
[00:28:32] [Server thread/INFO]: Sgirano[/127.172.100.106:50173] logged in with entity id 90819 at (2620.5, 82.0, -385.5)
[00:28:32] [Server thread/INFO]: [Essential Commands] Loading PlayerData for player with uuid '9909c47d-4a06-3b3c-8ba2-dac6241fc74d'.
[00:28:32] [Server thread/INFO]: Loading config from file...
[00:28:32] [Server thread/INFO]: Sgirano joined the game
[00:28:32] [Server thread/INFO]: [Essential Commands] Loading PlayerProfile for player with uuid '9909c47d-4a06-3b3c-8ba2-dac6241fc74d'.
[00:28:38] [Server thread/INFO]: [voicechat] Received secret request of Sgirano (18)
[00:28:38] [Server thread/INFO]: [voicechat] Sent secret to Sgirano
[00:28:39] [VoiceChatPacketProcessingThread/INFO]: [voicechat] Successfully authenticated player 9909c47d-4a06-3b3c-8ba2-dac6241fc74d
[00:28:39] [Server thread/WARN]: Ignoring unknown attribute 'minecraft:'
[00:28:40] [VoiceChatPacketProcessingThread/INFO]: [voicechat] Successfully validated connection of player 9909c47d-4a06-3b3c-8ba2-dac6241fc74d
[00:28:40] [VoiceChatPacketProcessingThread/INFO]: [voicechat] Player Sgirano (9909c47d-4a06-3b3c-8ba2-dac6241fc74d) successfully connected to voice chat
[00:29:03] [Server thread/INFO]: [Sgirano: Triggered [login] (set value to 2004)]
[00:29:04] [Server thread/WARN]: Ignoring unknown attribute 'minecraft:'
[00:29:04] [Server thread/WARN]: Ignoring unknown attribute 'minecraft:'
[00:29:44] [Server thread/INFO]: [Not Secure] <Sgirano> hola my loves
[00:29:55] [Server thread/INFO]: [Not Secure] <Svonccy> ola
[00:30:09] [Server thread/INFO]: [Not Secure] <Sgirano> oe como mrd desactivo el narrador de chat?? xd
[00:30:20] [Server thread/INFO]: [Not Secure] <Svonccy> opciones>accesibilidad
[00:30:43] [Server thread/INFO]: [Not Secure] <Sgirano> gracias mi vida
[00:31:01] [Server thread/INFO]: Svonccy was shot by Skeleton
[00:31:01] [Server thread/INFO]: Created new backpack backup file for Svonccy with unique ID travelersbackpack.standard_16.05.2025-00.31.01.dat
[00:31:41] [Server thread/INFO]: Sgirano was shot by Skeleton
[00:31:41] [Server thread/INFO]: Created new backpack backup file for Sgirano with unique ID travelersbackpack.squid_16.05.2025-00.31.41.dat
[00:31:52] [Server thread/INFO]: [Not Secure] <Svonccy> q inutil
[00:32:11] [Server thread/INFO]: [Not Secure] <Sgirano> no tenia comida xd
[00:32:31] [Server thread/WARN]: Ignoring unknown attribute 'minecraft:'
[00:33:02] [Server thread/WARN]: Ignoring unknown attribute 'minecraft:'
[00:33:03] [Server thread/WARN]: Ignoring unknown attribute 'minecraft:'
[00:33:12] [Server thread/WARN]: Ignoring unknown attribute 'minecraft:'
[00:33:12] [Server thread/WARN]: Ignoring unknown attribute 'minecraft:'
[00:33:13] [Server thread/WARN]: Ignoring unknown attribute 'minecraft:'
[00:33:13] [Server thread/WARN]: Ignoring unknown attribute 'minecraft:'
[00:33:13] [Server thread/WARN]: Ignoring unknown attribute 'minecraft:'
[00:33:13] [Server thread/WARN]: Ignoring unknown attribute 'minecraft:'
[00:33:25] [Server thread/WARN]: Ignoring unknown attribute 'minecraft:'
[00:33:25] [Server thread/WARN]: Ignoring unknown attribute 'minecraft:'
[00:33:26] [Server thread/WARN]: Ignoring unknown attribute 'minecraft:'
[00:33:26] [Server thread/WARN]: Ignoring unknown attribute 'minecraft:'
[00:33:47] [Server thread/WARN]: Ignoring unknown attribute 'minecraft:'
[00:33:56] [Server thread/WARN]: Ignoring unknown attribute 'minecraft:'
[00:34:51] [Worker-Main-5/ERROR]: Block-attached entity at invalid position: class_2338{x=-327, y=59, z=-34}
[00:34:51] [Worker-Main-5/ERROR]: Block-attached entity at invalid position: class_2338{x=-326, y=59, z=-34}
[00:34:51] [Worker-Main-5/ERROR]: Block-attached entity at invalid position: class_2338{x=-325, y=59, z=-33}
[00:34:51] [Worker-Main-5/ERROR]: Block-attached entity at invalid position: class_2338{x=-325, y=59, z=-32}
[00:34:57] [Server thread/WARN]: Ignoring unknown attribute 'minecraft:'
[00:35:03] [Worker-Main-6/ERROR]: Block-attached entity at invalid position: class_2338{x=-327, y=59, z=-34}
[00:35:03] [Worker-Main-6/ERROR]: Block-attached entity at invalid position: class_2338{x=-326, y=59, z=-34}
[00:35:03] [Worker-Main-6/ERROR]: Block-attached entity at invalid position: class_2338{x=-325, y=59, z=-33}
[00:35:03] [Worker-Main-6/ERROR]: Block-attached entity at invalid position: class_2338{x=-325, y=59, z=-32}
[00:35:04] [Worker-Main-7/ERROR]: Block-attached entity at invalid position: class_2338{x=-327, y=59, z=-34}
[00:35:04] [Worker-Main-7/ERROR]: Block-attached entity at invalid position: class_2338{x=-326, y=59, z=-34}
[00:35:04] [Worker-Main-7/ERROR]: Block-attached entity at invalid position: class_2338{x=-325, y=59, z=-33}
[00:35:04] [Worker-Main-7/ERROR]: Block-attached entity at invalid position: class_2338{x=-325, y=59, z=-32}
[00:35:07] [Server thread/WARN]: Sgirano moved too quickly! 7.483562345647442,-5.592604597635059,4.25961823168484
[00:35:07] [Server thread/WARN]: Can't keep up! Is the server overloaded? Running 3024ms or 60 ticks behind
[00:35:19] [Server thread/WARN]: Sgirano moved too quickly! 8.500432286082287,-4.822590878844423,-2.618412840318854
[00:35:19] [Server thread/INFO]: [Not Secure] <Svonccy> efe
[00:35:24] [Worker-Main-5/ERROR]: Block-attached entity at invalid position: class_2338{x=-327, y=59, z=-34}
[00:35:24] [Worker-Main-5/ERROR]: Block-attached entity at invalid position: class_2338{x=-326, y=59, z=-34}
[00:35:24] [Worker-Main-5/ERROR]: Block-attached entity at invalid position: class_2338{x=-325, y=59, z=-33}
[00:35:24] [Worker-Main-5/ERROR]: Block-attached entity at invalid position: class_2338{x=-325, y=59, z=-32}
[00:35:26] [Server thread/WARN]: Sgirano moved too quickly! 9.671772257342127,-0.6559280678496577,-3.0757938052311147
[00:35:27] [Worker-Main-6/ERROR]: Block-attached entity at invalid position: class_2338{x=-327, y=59, z=-34}
[00:35:27] [Worker-Main-6/ERROR]: Block-attached entity at invalid position: class_2338{x=-326, y=59, z=-34}
[00:35:27] [Worker-Main-6/ERROR]: Block-attached entity at invalid position: class_2338{x=-325, y=59, z=-33}
[00:35:27] [Worker-Main-6/ERROR]: Block-attached entity at invalid position: class_2338{x=-325, y=59, z=-32}
[00:35:29] [Server thread/WARN]: Can't keep up! Is the server overloaded? Running 6997ms or 139 ticks behind
[00:35:35] [Server thread/WARN]: Sgirano moved too quickly! 9.414097175068491,0.44717874459657025,-3.412896283769385
[00:35:41] [Worker-Main-6/ERROR]: Block-attached entity at invalid position: class_2338{x=-327, y=59, z=-34}
[00:35:41] [Worker-Main-6/ERROR]: Block-attached entity at invalid position: class_2338{x=-326, y=59, z=-34}
[00:35:41] [Worker-Main-6/ERROR]: Block-attached entity at invalid position: class_2338{x=-325, y=59, z=-33}
[00:35:41] [Worker-Main-6/ERROR]: Block-attached entity at invalid position: class_2338{x=-325, y=59, z=-32}
[00:35:51] [Server thread/WARN]: Sgirano moved too quickly! 7.537381042914149,1.5311031518423803,-6.577122704201486
[00:35:51] [Server thread/INFO]: [Not Secure] <Svonccy> lagazos
[00:35:54] [Server thread/WARN]: Can't keep up! Is the server overloaded? Running 9817ms or 196 ticks behind
[00:35:56] [Server thread/INFO]: [Not Secure] <Sgirano> si csmr
[00:36:27] [Server thread/WARN]: Can't keep up! Is the server overloaded? Running 7350ms or 147 ticks behind
[00:37:02] [Worker-Main-7/ERROR]: Block-attached entity at invalid position: class_2338{x=274, y=-58, z=21}
[00:37:02] [Worker-Main-7/ERROR]: Block-attached entity at invalid position: class_2338{x=274, y=-58, z=29}
[00:37:02] [Worker-Main-7/ERROR]: Block-attached entity at invalid position: class_2338{x=279, y=-59, z=28}
[00:37:02] [Worker-Main-7/ERROR]: Block-attached entity at invalid position: class_2338{x=279, y=-59, z=27}
[00:37:02] [Worker-Main-7/ERROR]: Block-attached entity at invalid position: class_2338{x=279, y=-59, z=26}
